


          SolidWorks Corporation - STEP Processor Error Log
          ______________________________________________________

                       STEP Post Processor
                       ___________________


STEP File Name: D:\C++\Graduation-Design\Drawing\Version1--装配完毕\g1_3_1_1.stp


#1879: halfcone definition
#1902: halfcone definition
#2428: halfcone definition
#2451: halfcone definition
#2510: halfcone definition
#2533: halfcone definition
#2592: halfcone definition
#2615: halfcone definition
#2674: halfcone definition
#2697: halfcone definition
曲面已成功地形成实体。
STEP-in 完成曲面已成功地形成实体。
STEP-in 完成曲面已成功地形成实体。
STEP-in 完成曲面已成功地形成实体。
STEP-in 完成曲面已成功地形成实体。
STEP-in 完成曲面已成功地形成实体。
STEP-in 完成曲面已成功地形成实体。
STEP-in 完成曲面已成功地形成实体。
STEP-in 完成曲面已成功地形成实体。
STEP-in 完成
Error: 无法从剪裁的曲面生成实体。
STEP-in 无法成功完成
曲面已成功地形成实体。
STEP-in 完成#7601: halfcone definition
#7624: halfcone definition
#8328: halfcone definition
#8351: halfcone definition
#8410: halfcone definition
#8433: halfcone definition
#8492: halfcone definition
#8515: halfcone definition
#8574: halfcone definition
#8597: halfcone definition
曲面已成功地形成实体。
STEP-in 完成曲面已成功地形成实体。
STEP-in 完成
Error: 无法从剪裁的曲面生成实体。
STEP-in 无法成功完成
曲面已成功地形成实体。
STEP-in 完成
Error: 无法从剪裁的曲面生成实体。
STEP-in 无法成功完成
曲面已成功地形成实体。
STEP-in 完成
Error: 无法从剪裁的曲面生成实体。
STEP-in 无法成功完成
曲面已成功地形成实体。
STEP-in 完成
Error: 无法从剪裁的曲面生成实体。
STEP-in 无法成功完成
曲面已成功地形成实体。
STEP-in 完成
Error: 无法从剪裁的曲面生成实体。
STEP-in 无法成功完成
曲面已成功地形成实体。
STEP-in 完成
Error: 无法从剪裁的曲面生成实体。
STEP-in 无法成功完成
曲面已成功地形成实体。
STEP-in 完成
Error: 无法从剪裁的曲面生成实体。
STEP-in 无法成功完成
曲面已成功地形成实体。
STEP-in 完成
Error: 无法从剪裁的曲面生成实体。
STEP-in 无法成功完成
曲面已成功地形成实体。
STEP-in 完成
Error: 无法从剪裁的曲面生成实体。
STEP-in 无法成功完成
曲面已成功地形成实体。
STEP-in 完成
Error: 无法从剪裁的曲面生成实体。
STEP-in 无法成功完成
#11781: halfcone definition
#11804: halfcone definition
#12310: halfcone definition
#12334: halfcone definition
曲面已成功地形成实体。
STEP-in 完成曲面已成功地形成实体。
STEP-in 完成
Error: 无法从剪裁的曲面生成实体。
STEP-in 无法成功完成
曲面已成功地形成实体。
STEP-in 完成曲面已成功地形成实体。
STEP-in 完成曲面已成功地形成实体。
STEP-in 完成曲面已成功地形成实体。
STEP-in 完成曲面已成功地形成实体。
STEP-in 完成曲面已成功地形成实体。
STEP-in 完成
Error: 无法从剪裁的曲面生成实体。
STEP-in 无法成功完成
曲面已成功地形成实体。
STEP-in 完成
Error: 无法从剪裁的曲面生成实体。
STEP-in 无法成功完成
#33402: halfcone definition
#33425: halfcone definition
#33688: halfcone definition
#33711: halfcone definition
曲面已成功地形成实体。
STEP-in 完成曲面已成功地形成实体。
STEP-in 完成曲面已成功地形成实体。
STEP-in 完成曲面已成功地形成实体。
STEP-in 完成曲面已成功地形成实体。
STEP-in 完成曲面已成功地形成实体。
STEP-in 完成曲面已成功地形成实体。
STEP-in 完成曲面已成功地形成实体。
STEP-in 完成曲面已成功地形成实体。
STEP-in 完成#69471: halfcone definition
#69494: halfcone definition
#69625: halfcone definition
#69648: halfcone definition
曲面已成功地形成实体。
STEP-in 完成曲面已成功地形成实体。
STEP-in 完成
Error: 无法从剪裁的曲面生成实体。
STEP-in 无法成功完成
曲面已成功地形成实体。
STEP-in 完成
Error: 无法从剪裁的曲面生成实体。
STEP-in 无法成功完成
曲面已成功地形成实体。
STEP-in 完成曲面已成功地形成实体。
STEP-in 完成曲面已成功地形成实体。
STEP-in 完成曲面已成功地形成实体。
STEP-in 完成曲面已成功地形成实体。
STEP-in 完成曲面已成功地形成实体。
STEP-in 完成曲面已成功地形成实体。
STEP-in 完成曲面已成功地形成实体。
STEP-in 完成曲面已成功地形成实体。
STEP-in 完成曲面已成功地形成实体。
STEP-in 完成曲面已成功地形成实体。
STEP-in 完成曲面已成功地形成实体。
STEP-in 完成曲面已成功地形成实体。
STEP-in 完成曲面已成功地形成实体。
STEP-in 完成曲面已成功地形成实体。
STEP-in 完成曲面已成功地形成实体。
STEP-in 完成曲面已成功地形成实体。
STEP-in 完成曲面已成功地形成实体。
STEP-in 完成曲面已成功地形成实体。
STEP-in 完成曲面已成功地形成实体。
STEP-in 完成曲面已成功地形成实体。
STEP-in 完成曲面已成功地形成实体。
STEP-in 完成曲面已成功地形成实体。
STEP-in 完成
Error: 无法从剪裁的曲面生成实体。
STEP-in 无法成功完成
曲面已成功地形成实体。
STEP-in 完成
Error: 无法从剪裁的曲面生成实体。
STEP-in 无法成功完成
曲面已成功地形成实体。
STEP-in 完成
Error: 无法从剪裁的曲面生成实体。
STEP-in 无法成功完成
曲面已成功地形成实体。
STEP-in 完成
Error: 无法从剪裁的曲面生成实体。
STEP-in 无法成功完成
曲面已成功地形成实体。
STEP-in 完成曲面已成功地形成实体。
STEP-in 完成曲面已成功地形成实体。
STEP-in 完成
Error: 无法从剪裁的曲面生成实体。
STEP-in 无法成功完成
曲面已成功地形成实体。
STEP-in 完成曲面已成功地形成实体。
STEP-in 完成
Error: 无法从剪裁的曲面生成实体。
STEP-in 无法成功完成
曲面已成功地形成实体。
STEP-in 完成
Error: 无法从剪裁的曲面生成实体。
STEP-in 无法成功完成
曲面已成功地形成实体。
STEP-in 完成曲面已成功地形成实体。
STEP-in 完成
Error: 无法从剪裁的曲面生成实体。
STEP-in 无法成功完成
曲面已成功地形成实体。
STEP-in 完成曲面已成功地形成实体。
STEP-in 完成
Error: 无法从剪裁的曲面生成实体。
STEP-in 无法成功完成
曲面已成功地形成实体。
STEP-in 完成#95791: halfcone definition
#95814: halfcone definition
#95873: halfcone definition
#95896: halfcone definition
#95955: halfcone definition
#95978: halfcone definition
#96037: halfcone definition
#96060: halfcone definition
#96119: halfcone definition
#96142: halfcone definition
#96201: halfcone definition
#96224: halfcone definition
曲面已成功地形成实体。
STEP-in 完成曲面已成功地形成实体。
STEP-in 完成#97532: halfcone definition
#97555: halfcone definition
#97614: halfcone definition
#97637: halfcone definition
#97696: halfcone definition
#97719: halfcone definition
#97846: halfcone definition
#97869: halfcone definition
#97928: halfcone definition
#97951: halfcone definition
#98010: halfcone definition
#98033: halfcone definition
#98092: halfcone definition
#98115: halfcone definition
曲面已成功地形成实体。
STEP-in 完成#99122: halfcone definition
#99145: halfcone definition
#99204: halfcone definition
#99227: halfcone definition
#99286: halfcone definition
#99309: halfcone definition
#99436: halfcone definition
#99459: halfcone definition
#99518: halfcone definition
#99541: halfcone definition
#99600: halfcone definition
#99623: halfcone definition
#99682: halfcone definition
#99705: halfcone definition
曲面已成功地形成实体。
STEP-in 完成曲面已成功地形成实体。
STEP-in 完成曲面已成功地形成实体。
STEP-in 完成曲面已成功地形成实体。
STEP-in 完成曲面已成功地形成实体。
STEP-in 完成曲面已成功地形成实体。
STEP-in 完成曲面已成功地形成实体。
STEP-in 完成
Error: 无法从剪裁的曲面生成实体。
STEP-in 无法成功完成
曲面已成功地形成实体。
STEP-in 完成
Error: 无法从剪裁的曲面生成实体。
STEP-in 无法成功完成
曲面已成功地形成实体。
STEP-in 完成
Error: 无法从剪裁的曲面生成实体。
STEP-in 无法成功完成
曲面已成功地形成实体。
STEP-in 完成
Error: 无法从剪裁的曲面生成实体。
STEP-in 无法成功完成
曲面已成功地形成实体。
STEP-in 完成
Error: 无法从剪裁的曲面生成实体。
STEP-in 无法成功完成
曲面已成功地形成实体。
STEP-in 完成
Error: 无法从剪裁的曲面生成实体。
STEP-in 无法成功完成
曲面已成功地形成实体。
STEP-in 完成
Error: 无法从剪裁的曲面生成实体。
STEP-in 无法成功完成
曲面已成功地形成实体。
STEP-in 完成
Error: 无法从剪裁的曲面生成实体。
STEP-in 无法成功完成
曲面已成功地形成实体。
STEP-in 完成
Error: 无法从剪裁的曲面生成实体。
STEP-in 无法成功完成
曲面已成功地形成实体。
STEP-in 完成
Error: 无法从剪裁的曲面生成实体。
STEP-in 无法成功完成
曲面已成功地形成实体。
STEP-in 完成
Error: 无法从剪裁的曲面生成实体。
STEP-in 无法成功完成
曲面已成功地形成实体。
STEP-in 完成
Error: 无法从剪裁的曲面生成实体。
STEP-in 无法成功完成
曲面已成功地形成实体。
STEP-in 完成
Error: 无法从剪裁的曲面生成实体。
STEP-in 无法成功完成
曲面已成功地形成实体。
STEP-in 完成
Error: 无法从剪裁的曲面生成实体。
STEP-in 无法成功完成
曲面已成功地形成实体。
STEP-in 完成
Error: 无法从剪裁的曲面生成实体。
STEP-in 无法成功完成
曲面已成功地形成实体。
STEP-in 完成
Error: 无法从剪裁的曲面生成实体。
STEP-in 无法成功完成
曲面已成功地形成实体。
STEP-in 完成
Error: 无法从剪裁的曲面生成实体。
STEP-in 无法成功完成
曲面已成功地形成实体。
STEP-in 完成
Error: 无法从剪裁的曲面生成实体。
STEP-in 无法成功完成
曲面已成功地形成实体。
STEP-in 完成
Error: 无法从剪裁的曲面生成实体。
STEP-in 无法成功完成
曲面已成功地形成实体。
STEP-in 完成
Error: 无法从剪裁的曲面生成实体。
STEP-in 无法成功完成
曲面已成功地形成实体。
STEP-in 完成
Error: 无法从剪裁的曲面生成实体。
STEP-in 无法成功完成
曲面已成功地形成实体。
STEP-in 完成
Error: 无法从剪裁的曲面生成实体。
STEP-in 无法成功完成
曲面已成功地形成实体。
STEP-in 完成
Error: 无法从剪裁的曲面生成实体。
STEP-in 无法成功完成
曲面已成功地形成实体。
STEP-in 完成曲面已成功地形成实体。
STEP-in 完成曲面已成功地形成实体。
STEP-in 完成曲面已成功地形成实体。
STEP-in 完成曲面已成功地形成实体。
STEP-in 完成曲面已成功地形成实体。
STEP-in 完成曲面已成功地形成实体。
STEP-in 完成曲面已成功地形成实体。
STEP-in 完成曲面已成功地形成实体。
STEP-in 完成
Error: 无法从剪裁的曲面生成实体。
STEP-in 无法成功完成
曲面已成功地形成实体。
STEP-in 完成
Error: 无法从剪裁的曲面生成实体。
STEP-in 无法成功完成
曲面已成功地形成实体。
STEP-in 完成曲面已成功地形成实体。
STEP-in 完成曲面已成功地形成实体。
STEP-in 完成曲面已成功地形成实体。
STEP-in 完成曲面已成功地形成实体。
STEP-in 完成曲面已成功地形成实体。
STEP-in 完成
Error: 无法从剪裁的曲面生成实体。
STEP-in 无法成功完成
曲面已成功地形成实体。
STEP-in 完成曲面已成功地形成实体。
STEP-in 完成曲面已成功地形成实体。
STEP-in 完成曲面已成功地形成实体。
STEP-in 完成
Error: 无法从剪裁的曲面生成实体。
STEP-in 无法成功完成
曲面已成功地形成实体。
STEP-in 完成曲面已成功地形成实体。
STEP-in 完成
Error: 无法从剪裁的曲面生成实体。
STEP-in 无法成功完成
曲面已成功地形成实体。
STEP-in 完成曲面已成功地形成实体。
STEP-in 完成曲面已成功地形成实体。
STEP-in 完成
Error: 无法从剪裁的曲面生成实体。
STEP-in 无法成功完成
曲面已成功地形成实体。
STEP-in 完成
Error: 无法从剪裁的曲面生成实体。
STEP-in 无法成功完成
曲面已成功地形成实体。
STEP-in 完成曲面已成功地形成实体。
STEP-in 完成曲面已成功地形成实体。
STEP-in 完成
Error: 无法从剪裁的曲面生成实体。
STEP-in 无法成功完成
曲面已成功地形成实体。
STEP-in 完成曲面已成功地形成实体。
STEP-in 完成曲面已成功地形成实体。
STEP-in 完成
Error: 无法从剪裁的曲面生成实体。
STEP-in 无法成功完成
曲面已成功地形成实体。
STEP-in 完成曲面已成功地形成实体。
STEP-in 完成
Error: 无法从剪裁的曲面生成实体。
STEP-in 无法成功完成
曲面已成功地形成实体。
STEP-in 完成曲面已成功地形成实体。
STEP-in 完成曲面已成功地形成实体。
STEP-in 完成#135763: halfcone definition
#135802: halfcone definition
曲面已成功地形成实体。
STEP-in 完成曲面已成功地形成实体。
STEP-in 完成
Error: 无法从剪裁的曲面生成实体。
STEP-in 无法成功完成
曲面已成功地形成实体。
STEP-in 完成曲面已成功地形成实体。
STEP-in 完成
Error: 无法从剪裁的曲面生成实体。
STEP-in 无法成功完成
